#
# A fatal error has been detected by the Java Runtime Environment:
#
#  SIGBUS (0xa) at pc=0x000000010c127e56, pid=3123, tid=16899
#
# JRE version: Java(TM) SE Runtime Environment (7.0_80-b15) (build 1.7.0_80-b15)
# Java VM: Java HotSpot(TM) 64-Bit Server VM (24.80-b11 mixed mode bsd-amd64 compressed oops)
# Problematic frame:
# V  [libjvm.dylib+0x527e56]  interpretedVFrame::monitors() const+0xe0
#
# Failed to write core dump. Core dumps have been disabled. To enable core dumping, try "ulimit -c unlimited" before starting Java again
#
# If you would like to submit a bug report, please visit:
#   http://bugreport.java.com/bugreport/crash.jsp
#

---------------  T H R E A D  ---------------

Current thread (0x00007fa47b007000):  JavaThread "JDWP Transport Listener: dt_socket" daemon [_thread_in_vm, id=16899, stack(0x000070000b8ff000,0x000070000b9ff000)]

siginfo:si_signo=SIGBUS: si_errno=0, si_code=2 (BUS_ADRERR), si_addr=0x000070000af63ff0

Registers:
RAX=0x00000007d6553cb8, RBX=0x00007fa47b11b210, RCX=0x00007fa47b2ffd30, RDX=0x0000000113182010
RSP=0x000070000b9fe130, RBP=0x000070000b9fe220, RSI=0x000070000af63ff8, RDI=0x000070000b9fe190
R8 =0x0000000000000000, R9 =0x00007fa47b2fe400, R10=0x000000010c378590, R11=0xffffffff00000000
R12=0x000070000af63fe8, R13=0x0000000000000000, R14=0x00007fa47b11b810, R15=0x000070000b9fe1c8
RIP=0x000000010c127e56, EFLAGS=0x0000000000010206, ERR=0x0000000000000004
  TRAPNO=0x000000000000000e

Top of Stack: (sp=0x000070000b9fe130)
0x000070000b9fe130:   000070000b0609c0 000000010c66b0d8
0x000070000b9fe140:   000000010c66a310 0000000700000000
0x000070000b9fe150:   000070000b060a08 000070000b0609c8
0x000070000b9fe160:   000070000b0609c0 000000010c66b0d8
0x000070000b9fe170:   000000010c66a310 0000000700000000
0x000070000b9fe180:   000070000b060a08 000070000b0609c8
0x000070000b9fe190:   000070000b0609c0 000000010c66b0d8
0x000070000b9fe1a0:   000000010c66a310 0000000700000000
0x000070000b9fe1b0:   000070000b060a08 000070000b0609c8
0x000070000b9fe1c0:   00007fa47b2ffd30 000070000b0609c0
0x000070000b9fe1d0:   000000010c66b0d8 000000010c66a310
0x000070000b9fe1e0:   0000000700000000 000070000b060a08
0x000070000b9fe1f0:   000070000b0609c8 00007fa479e30010
0x000070000b9fe200:   000000010c368c58 00007fa47b11b210
0x000070000b9fe210:   00007fa47b11b210 00007fa47b800000
0x000070000b9fe220:   000070000b9fe2f0 000000010bf6bbbe
0x000070000b9fe230:   000000077b367738 000000077b21e098
0x000070000b9fe240:   00007fa47b007000 000000017b6c3700
0x000070000b9fe250:   000000077b6c3a88 000000077b6c3a88
0x000070000b9fe260:   000000077b5b2c50 000000077b5273d8
0x000070000b9fe270:   000000077b456790 000000077b315b40
0x000070000b9fe280:   000000077ae9b3c8 000000077b0ebc88
0x000070000b9fe290:   000000077b0ebc88 0000000000000c00
0x000070000b9fe2a0:   00007fa479e0c130 00007fa47b11ac00
0x000070000b9fe2b0:   00007fa47b11b810 00007fa47b122be8
0x000070000b9fe2c0:   00000000000083b0 00007fa47b800000
0x000070000b9fe2d0:   000000010c368c58 00007fa47b11b210
0x000070000b9fe2e0:   00007fa47b007000 0000000000000001
0x000070000b9fe2f0:   000070000b9fe980 000000010bf6cb98
0x000070000b9fe300:   00007fa479d01ba0 00007fa479e30010
0x000070000b9fe310:   00007fa47b007000 00007fa479d03230
0x000070000b9fe320:   000070000b9fe5b0 000000010c1343a3 

Instructions: (pc=0x000000010c127e56)
0x000000010c127e36:   48 8b 4b 30 48 89 8d 68 ff ff ff 48 8d bd 40 ff
0x000000010c127e46:   ff ff 48 89 c6 e8 8e 15 d2 ff 4c 8d 7d a8 eb 79
0x000000010c127e56:   4d 8b 6c 24 08 31 f6 bf 20 00 00 00 e8 57 8a f4
0x000000010c127e66:   ff 48 85 c0 74 17 4c 89 28 48 c7 40 10 00 00 00 

Register to memory mapping:

RAX=0x00000007d6553cb8 is an oop
org.springframework.beans.factory.NoSuchBeanDefinitionException 
 - klass: 'org/springframework/beans/factory/NoSuchBeanDefinitionException'
RBX=0x00007fa47b11b210 is an unknown value
RCX=0x00007fa47b2ffd30 is an unknown value
RDX=0x0000000113182010 is an unknown value
RSP=0x000070000b9fe130 is pointing into the stack for thread: 0x00007fa47b007000
RBP=0x000070000b9fe220 is pointing into the stack for thread: 0x00007fa47b007000
RSI=0x000070000af63ff8 is pointing into the stack for thread: 0x00007fa47b800000
RDI=0x000070000b9fe190 is pointing into the stack for thread: 0x00007fa47b007000
R8 =0x0000000000000000 is an unknown value
R9 =0x00007fa47b2fe400 is an unknown value
R10=0x000000010c378590: _ZL8tc_mutex+0x20 in /Library/Java/JavaVirtualMachines/jdk1.7.0_80.jdk/Contents/Home/jre/lib/server/libjvm.dylib at 0x000000010bc00000
R11=0xffffffff00000000 is an unknown value
R12=0x000070000af63fe8 is pointing into the stack for thread: 0x00007fa47b800000
R13=0x0000000000000000 is an unknown value
R14=0x00007fa47b11b810 is an unknown value
R15=0x000070000b9fe1c8 is pointing into the stack for thread: 0x00007fa47b007000


Stack: [0x000070000b8ff000,0x000070000b9ff000],  sp=0x000070000b9fe130,  free space=1020k
Native frames: (J=compiled Java code, j=interpreted, Vv=VM code, C=native code)
V  [libjvm.dylib+0x527e56]  interpretedVFrame::monitors() const+0xe0
V  [libjvm.dylib+0x36bbbe]  JvmtiEnvBase::get_locked_objects_in_frame(JavaThread*, JavaThread*, javaVFrame*, GrowableArray<_jvmtiMonitorStackDepthInfo*>*, int)+0x6e
V  [libjvm.dylib+0x36cb98]  JvmtiEnvBase::get_owned_monitors(JavaThread*, JavaThread*, GrowableArray<_jvmtiMonitorStackDepthInfo*>*)+0xe2
V  [libjvm.dylib+0x36964b]  JvmtiEnv::GetOwnedMonitorInfo(JavaThread*, int*, _jobject***)+0x9b
V  [libjvm.dylib+0x33ea00]  jvmti_GetOwnedMonitorInfo+0x145
C  [libjdwp.dylib+0x82bc]  ownedMonitors+0xe7
C  [libjdwp.dylib+0xe642]  debugLoop_run+0x1ce
C  [libjdwp.dylib+0x1f0e2]  attachThread+0x4d
V  [libjvm.dylib+0x37a08e]  JvmtiAgentThread::call_start_function()+0x38
V  [libjvm.dylib+0x4f8341]  JavaThread::thread_main_inner()+0x9b
V  [libjvm.dylib+0x4f9a49]  JavaThread::run()+0x1a3
V  [libjvm.dylib+0x422b92]  java_start(Thread*)+0x126
C  [libsystem_pthread.dylib+0x393b]  _pthread_body+0xb4
C  [libsystem_pthread.dylib+0x3887]  _pthread_body+0x0
C  [libsystem_pthread.dylib+0x308d]  thread_start+0xd


---------------  P R O C E S S  ---------------

Java Threads: ( => current thread )
  0x00007fa47b009000 JavaThread "Service Thread" daemon [_thread_blocked, id=19459, stack(0x000070000be0e000,0x000070000bf0e000)]
  0x00007fa47a025000 JavaThread "C2 CompilerThread1" daemon [_thread_blocked, id=18947, stack(0x000070000bd0b000,0x000070000be0b000)]
  0x00007fa47b875000 JavaThread "C2 CompilerThread0" daemon [_thread_blocked, id=18435, stack(0x000070000bc08000,0x000070000bd08000)]
  0x00007fa47b005000 JavaThread "JDWP Command Reader" daemon [_thread_in_native, id=17923, stack(0x000070000bb05000,0x000070000bc05000)]
  0x00007fa47a807800 JavaThread "JDWP Event Helper Thread" daemon [_thread_blocked, id=17411, stack(0x000070000ba02000,0x000070000bb02000)]
=>0x00007fa47b007000 JavaThread "JDWP Transport Listener: dt_socket" daemon [_thread_in_vm, id=16899, stack(0x000070000b8ff000,0x000070000b9ff000)]
  0x00007fa47b862800 JavaThread "Signal Dispatcher" daemon [_thread_blocked, id=16387, stack(0x000070000b7fc000,0x000070000b8fc000)]
  0x00007fa47a009800 JavaThread "Finalizer" daemon [_thread_blocked, id=12291, stack(0x000070000b676000,0x000070000b776000)]
  0x00007fa47b851000 JavaThread "Reference Handler" daemon [_thread_blocked, id=11779, stack(0x000070000b573000,0x000070000b673000)]
  0x00007fa47b800000 JavaThread "main" [_thread_blocked, id=6915, stack(0x000070000af61000,0x000070000b061000)]

Other Threads:
  0x00007fa47b84e800 VMThread [stack: 0x000070000b470000,0x000070000b570000] [id=11267]
  0x00007fa47a800800 WatcherThread [stack: 0x000070000bf11000,0x000070000c011000] [id=19971]

VM state:not at safepoint (normal execution)

VM Mutex/Monitor currently owned by a thread: None

Heap
 PSYoungGen      total 38912K, used 17150K [0x00000007d5500000, 0x00000007d8000000, 0x0000000800000000)
  eden space 33792K, 50% used [0x00000007d5500000,0x00000007d65bfb98,0x00000007d7600000)
  from space 5120K, 0% used [0x00000007d7b00000,0x00000007d7b00000,0x00000007d8000000)
  to   space 5120K, 0% used [0x00000007d7600000,0x00000007d7600000,0x00000007d7b00000)
 ParOldGen       total 87040K, used 0K [0x0000000780000000, 0x0000000785500000, 0x00000007d5500000)
  object space 87040K, 0% used [0x0000000780000000,0x0000000780000000,0x0000000785500000)
 PSPermGen       total 21504K, used 9715K [0x000000077ae00000, 0x000000077c300000, 0x0000000780000000)
  object space 21504K, 45% used [0x000000077ae00000,0x000000077b77cc18,0x000000077c300000)

Card table byte_map: [0x000000010f665000,0x000000010fa8f000] byte_map_base: 0x000000010ba8e000

Polling page: 0x000000010b28a000

Code Cache  [0x000000010c665000, 0x000000010c8d5000, 0x000000010f665000)
 total_blobs=303 nmethods=52 adapters=214 free_code_cache=48605Kb largest_free_block=49752896

Compilation events (10 events):
Event: 0.657 Thread 0x00007fa47a025000 nmethod 48 0x000000010c6ddd10 code [0x000000010c6dde60, 0x000000010c6ddf58]
Event: 0.657 Thread 0x00007fa47a025000   49             java.lang.CharacterDataLatin1::getProperties (11 bytes)
Event: 0.658 Thread 0x00007fa47a025000 nmethod 49 0x000000010c6e6e10 code [0x000000010c6e6f40, 0x000000010c6e6fd8]
Event: 0.658 Thread 0x00007fa47a025000   50   !         sun.misc.URLClassPath$JarLoader::getResource (91 bytes)
Event: 0.675 Thread 0x00007fa47b875000 nmethod 46 0x000000010c6ed450 code [0x000000010c6ed840, 0x000000010c6eef80]
Event: 0.678 Thread 0x00007fa47b875000   51             java.lang.String::<init> (67 bytes)
Event: 0.678 Thread 0x00007fa47a025000 nmethod 50 0x000000010c6e42d0 code [0x000000010c6e4580, 0x000000010c6e5160]
Event: 0.681 Thread 0x00007fa47b875000 nmethod 51 0x000000010c6dd3d0 code [0x000000010c6dd520, 0x000000010c6dd838]
Event: 0.692 Thread 0x00007fa47a025000   52             java.util.HashMap::indexFor (6 bytes)
Event: 0.692 Thread 0x00007fa47a025000 nmethod 52 0x000000010c6cf690 code [0x000000010c6cf7c0, 0x000000010c6cf7f8]

GC Heap History (0 events):
No events

Deoptimization events (6 events):
Event: 0.250 Thread 0x00007fa47b800000 Uncommon trap: reason=unstable_if action=reinterpret pc=0x000000010c6c718c method=java.lang.String.hashCode()I @ 14
Event: 0.310 Thread 0x00007fa47b800000 Uncommon trap: reason=unstable_if action=reinterpret pc=0x000000010c6c85b4 method=java.lang.String.indexOf([CII[CIII)I @ 134
Event: 0.450 Thread 0x00007fa47b800000 Uncommon trap: reason=unstable_if action=reinterpret pc=0x000000010c6cbb58 method=sun.misc.MetaIndex.mayContain(Ljava/lang/String;)Z @ 4
Event: 0.475 Thread 0x00007fa47b800000 Uncommon trap: reason=unstable_if action=reinterpret pc=0x000000010c6c3120 method=java.lang.String.indexOf(II)I @ 49
Event: 0.521 Thread 0x00007fa47b800000 Uncommon trap: reason=null_check action=make_not_entrant pc=0x000000010c6ce5bc method=java.lang.String.equals(Ljava/lang/Object;)Z @ 8
Event: 0.679 Thread 0x00007fa47b800000 Uncommon trap: reason=unstable_if action=reinterpret pc=0x000000010c6cb030 method=java.lang.String.replace(CC)Ljava/lang/String; @ 26

Internal exceptions (10 events):
Event: 0.696 Thread 0x00007fa47b800000 Threw 0x00000007d6506790 at /Users/java_re/workspace/7u-2-build-macosx-x86_64/jdk7u80/2329/hotspot/src/share/vm/prims/jvm.cpp:1319
Event: 0.697 Thread 0x00007fa47b800000 Threw 0x00000007d6515e88 at /Users/java_re/workspace/7u-2-build-macosx-x86_64/jdk7u80/2329/hotspot/src/share/vm/prims/jvm.cpp:1319
Event: 0.698 Thread 0x00007fa47b800000 Threw 0x00000007d651a720 at /Users/java_re/workspace/7u-2-build-macosx-x86_64/jdk7u80/2329/hotspot/src/share/vm/prims/jvm.cpp:1319
Event: 0.699 Thread 0x00007fa47b800000 Threw 0x00000007d65269c0 at /Users/java_re/workspace/7u-2-build-macosx-x86_64/jdk7u80/2329/hotspot/src/share/vm/prims/jvm.cpp:1319
Event: 0.700 Thread 0x00007fa47b800000 Threw 0x00000007d652cd10 at /Users/java_re/workspace/7u-2-build-macosx-x86_64/jdk7u80/2329/hotspot/src/share/vm/prims/jvm.cpp:1319
Event: 0.700 Thread 0x00007fa47b800000 Threw 0x00000007d6532cf0 at /Users/java_re/workspace/7u-2-build-macosx-x86_64/jdk7u80/2329/hotspot/src/share/vm/prims/jvm.cpp:1319
Event: 0.701 Thread 0x00007fa47b800000 Threw 0x00000007d653d3a8 at /Users/java_re/workspace/7u-2-build-macosx-x86_64/jdk7u80/2329/hotspot/src/share/vm/prims/jvm.cpp:1319
Event: 17.929 Thread 0x00007fa47b800000 Threw 0x00000007d6548040 at /Users/java_re/workspace/7u-2-build-macosx-x86_64/jdk7u80/2329/hotspot/src/share/vm/prims/jvm.cpp:1319
Event: 24.817 Thread 0x00007fa47b800000 Threw 0x00000007d654cd58 at /Users/java_re/workspace/7u-2-build-macosx-x86_64/jdk7u80/2329/hotspot/src/share/vm/prims/jvm.cpp:1319
Event: 24.818 Thread 0x00007fa47b800000 Threw 0x00000007d654fbd0 at /Users/java_re/workspace/7u-2-build-macosx-x86_64/jdk7u80/2329/hotspot/src/share/vm/prims/jvm.cpp:1319

Events (10 events):
Event: 130.927 Executing VM operation: RedefineClasses
Event: 130.928 Executing VM operation: RedefineClasses done
Event: 130.937 Executing VM operation: EnterInterpOnlyMode
Event: 130.937 Executing VM operation: EnterInterpOnlyMode done
Event: 130.937 Executing VM operation: GetCurrentLocation
Event: 130.938 Executing VM operation: GetCurrentLocation done
Event: 130.938 Executing VM operation: ChangeSingleStep
Event: 130.938 Executing VM operation: ChangeSingleStep done
Event: 130.939 Executing VM operation: ChangeSingleStep
Event: 130.939 Executing VM operation: ChangeSingleStep done


Dynamic libraries:
0x0000000045e43000 	/System/Library/Frameworks/Cocoa.framework/Versions/A/Cocoa
0x0000000045e43000 	/System/Library/Frameworks/Security.framework/Versions/A/Security
0x0000000045e43000 	/System/Library/Frameworks/ApplicationServices.framework/Versions/A/ApplicationServices
0x0000000045e43000 	/usr/lib/libz.1.dylib
0x0000000045e43000 	/usr/lib/libSystem.B.dylib
0x0000000045e43000 	/usr/lib/libobjc.A.dylib
0x0000000045e43000 	/System/Library/Frameworks/CoreFoundation.framework/Versions/A/CoreFoundation
0x0000000045e43000 	/System/Library/Frameworks/Foundation.framework/Versions/C/Foundation
0x0000000045e43000 	/System/Library/Frameworks/AppKit.framework/Versions/C/AppKit
0x0000000045e43000 	/System/Library/Frameworks/CoreData.framework/Versions/A/CoreData
0x0000000045e43000 	/System/Library/PrivateFrameworks/RemoteViewServices.framework/Versions/A/RemoteViewServices
0x0000000045e43000 	/System/Library/PrivateFrameworks/UIFoundation.framework/Versions/A/UIFoundation
0x0000000045e43000 	/System/Library/PrivateFrameworks/DFRFoundation.framework/Versions/A/DFRFoundation
0x0000000045e43000 	/usr/lib/libenergytrace.dylib
0x0000000045e43000 	/System/Library/PrivateFrameworks/SkyLight.framework/Versions/A/SkyLight
0x0000000045e43000 	/System/Library/Frameworks/CoreGraphics.framework/Versions/A/CoreGraphics
0x0000000045e43000 	/usr/lib/libScreenReader.dylib
0x0000000045e43000 	/System/Library/Frameworks/Accelerate.framework/Versions/A/Accelerate
0x0000000045e43000 	/System/Library/Frameworks/IOSurface.framework/Versions/A/IOSurface
0x0000000045e43000 	/System/Library/Frameworks/AudioToolbox.framework/Versions/A/AudioToolbox
0x0000000045e43000 	/System/Library/Frameworks/AudioUnit.framework/Versions/A/AudioUnit
0x0000000045e43000 	/System/Library/PrivateFrameworks/DataDetectorsCore.framework/Versions/A/DataDetectorsCore
0x0000000045e43000 	/System/Library/PrivateFrameworks/DesktopServicesPriv.framework/Versions/A/DesktopServicesPriv
0x0000000045e43000 	/System/Library/Frameworks/Carbon.framework/Versions/A/Frameworks/HIToolbox.framework/Versions/A/HIToolbox
0x0000000045e43000 	/usr/lib/libicucore.A.dylib
0x0000000045e43000 	/System/Library/Frameworks/QuartzCore.framework/Versions/A/QuartzCore
0x0000000045e43000 	/System/Library/Frameworks/Carbon.framework/Versions/A/Frameworks/SpeechRecognition.framework/Versions/A/SpeechRecognition
0x0000000045e43000 	/usr/lib/libauto.dylib
0x0000000045e43000 	/usr/lib/libxml2.2.dylib
0x0000000045e43000 	/System/Library/PrivateFrameworks/CoreUI.framework/Versions/A/CoreUI
0x0000000045e43000 	/System/Library/Frameworks/CoreAudio.framework/Versions/A/CoreAudio
0x0000000045e43000 	/System/Library/Frameworks/DiskArbitration.framework/Versions/A/DiskArbitration
0x0000000045e43000 	/usr/lib/liblangid.dylib
0x0000000045e43000 	/System/Library/PrivateFrameworks/MultitouchSupport.framework/Versions/A/MultitouchSupport
0x0000000045e43000 	/System/Library/Frameworks/IOKit.framework/Versions/A/IOKit
0x0000000045e43000 	/usr/lib/libDiagnosticMessagesClient.dylib
0x0000000045e43000 	/System/Library/Frameworks/CoreServices.framework/Versions/A/CoreServices
0x0000000045e43000 	/System/Library/PrivateFrameworks/PerformanceAnalysis.framework/Versions/A/PerformanceAnalysis
0x0000000045e43000 	/System/Library/PrivateFrameworks/GenerationalStorage.framework/Versions/A/GenerationalStorage
0x0000000045e43000 	/System/Library/Frameworks/OpenGL.framework/Versions/A/OpenGL
0x0000000045e43000 	/System/Library/Frameworks/CoreImage.framework/Versions/A/CoreImage
0x0000000045e43000 	/System/Library/Frameworks/CoreText.framework/Versions/A/CoreText
0x0000000045e43000 	/System/Library/Frameworks/ImageIO.framework/Versions/A/ImageIO
0x0000000045e43000 	/System/Library/PrivateFrameworks/Backup.framework/Versions/A/Backup
0x0000000045e43000 	/usr/lib/libarchive.2.dylib
0x0000000045e43000 	/System/Library/Frameworks/CFNetwork.framework/Versions/A/CFNetwork
0x0000000045e43000 	/System/Library/Frameworks/SystemConfiguration.framework/Versions/A/SystemConfiguration
0x0000000045e43000 	/usr/lib/libCRFSuite.dylib
0x0000000045e43000 	/usr/lib/libc++.1.dylib
0x0000000045e43000 	/usr/lib/libc++abi.dylib
0x0000000045e43000 	/usr/lib/system/libcache.dylib
0x0000000045e43000 	/usr/lib/system/libcommonCrypto.dylib
0x0000000045e43000 	/usr/lib/system/libcompiler_rt.dylib
0x0000000045e43000 	/usr/lib/system/libcopyfile.dylib
0x0000000045e43000 	/usr/lib/system/libcorecrypto.dylib
0x0000000045e43000 	/usr/lib/system/libdispatch.dylib
0x0000000045e43000 	/usr/lib/system/libdyld.dylib
0x0000000045e43000 	/usr/lib/system/libkeymgr.dylib
0x0000000045e43000 	/usr/lib/system/liblaunch.dylib
0x0000000045e43000 	/usr/lib/system/libmacho.dylib
0x0000000045e43000 	/usr/lib/system/libquarantine.dylib
0x0000000045e43000 	/usr/lib/system/libremovefile.dylib
0x0000000045e43000 	/usr/lib/system/libsystem_asl.dylib
0x0000000045e43000 	/usr/lib/system/libsystem_blocks.dylib
0x0000000045e43000 	/usr/lib/system/libsystem_c.dylib
0x0000000045e43000 	/usr/lib/system/libsystem_configuration.dylib
0x0000000045e43000 	/usr/lib/system/libsystem_coreservices.dylib
0x0000000045e43000 	/usr/lib/system/libsystem_coretls.dylib
0x0000000045e43000 	/usr/lib/system/libsystem_dnssd.dylib
0x0000000045e43000 	/usr/lib/system/libsystem_info.dylib
0x0000000045e43000 	/usr/lib/system/libsystem_kernel.dylib
0x0000000045e43000 	/usr/lib/system/libsystem_m.dylib
0x0000000045e43000 	/usr/lib/system/libsystem_malloc.dylib
0x0000000045e43000 	/usr/lib/system/libsystem_network.dylib
0x0000000045e43000 	/usr/lib/system/libsystem_networkextension.dylib
0x0000000045e43000 	/usr/lib/system/libsystem_notify.dylib
0x0000000045e43000 	/usr/lib/system/libsystem_platform.dylib
0x0000000045e43000 	/usr/lib/system/libsystem_pthread.dylib
0x0000000045e43000 	/usr/lib/system/libsystem_sandbox.dylib
0x0000000045e43000 	/usr/lib/system/libsystem_secinit.dylib
0x0000000045e43000 	/usr/lib/system/libsystem_symptoms.dylib
0x0000000045e43000 	/usr/lib/system/libsystem_trace.dylib
0x0000000045e43000 	/usr/lib/system/libunwind.dylib
0x0000000045e43000 	/usr/lib/system/libxpc.dylib
0x0000000045e43000 	/usr/lib/libbsm.0.dylib
0x0000000045e43000 	/usr/lib/system/libkxld.dylib
0x0000000045e43000 	/usr/lib/libcoretls.dylib
0x0000000045e43000 	/usr/lib/libcoretls_cfhelpers.dylib
0x0000000045e43000 	/usr/lib/libOpenScriptingUtil.dylib
0x0000000045e43000 	/usr/lib/libpam.2.dylib
0x0000000045e43000 	/usr/lib/libsqlite3.dylib
0x0000000045e43000 	/usr/lib/libxar.1.dylib
0x0000000045e43000 	/usr/lib/libbz2.1.0.dylib
0x0000000045e43000 	/usr/lib/liblzma.5.dylib
0x0000000045e43000 	/usr/lib/libnetwork.dylib
0x0000000045e43000 	/usr/lib/libpcap.A.dylib
0x0000000045e43000 	/System/Library/Frameworks/CoreServices.framework/Versions/A/Frameworks/FSEvents.framework/Versions/A/FSEvents
0x0000000045e43000 	/System/Library/Frameworks/CoreServices.framework/Versions/A/Frameworks/CarbonCore.framework/Versions/A/CarbonCore
0x0000000045e43000 	/System/Library/Frameworks/CoreServices.framework/Versions/A/Frameworks/Metadata.framework/Versions/A/Metadata
0x0000000045e43000 	/System/Library/Frameworks/CoreServices.framework/Versions/A/Frameworks/OSServices.framework/Versions/A/OSServices
0x0000000045e43000 	/System/Library/Frameworks/CoreServices.framework/Versions/A/Frameworks/SearchKit.framework/Versions/A/SearchKit
0x0000000045e43000 	/System/Library/Frameworks/CoreServices.framework/Versions/A/Frameworks/AE.framework/Versions/A/AE
0x0000000045e43000 	/System/Library/Frameworks/CoreServices.framework/Versions/A/Frameworks/LaunchServices.framework/Versions/A/LaunchServices
0x0000000045e43000 	/System/Library/Frameworks/CoreServices.framework/Versions/A/Frameworks/DictionaryServices.framework/Versions/A/DictionaryServices
0x0000000045e43000 	/System/Library/Frameworks/CoreServices.framework/Versions/A/Frameworks/SharedFileList.framework/Versions/A/SharedFileList
0x0000000045e43000 	/System/Library/Frameworks/NetFS.framework/Versions/A/NetFS
0x0000000045e43000 	/System/Library/PrivateFrameworks/NetAuth.framework/Versions/A/NetAuth
0x0000000045e43000 	/System/Library/PrivateFrameworks/login.framework/Versions/A/Frameworks/loginsupport.framework/Versions/A/loginsupport
0x0000000045e43000 	/System/Library/PrivateFrameworks/TCC.framework/Versions/A/TCC
0x0000000045e43000 	/usr/lib/libmecabra.dylib
0x0000000045e43000 	/System/Library/Frameworks/ApplicationServices.framework/Versions/A/Frameworks/ATS.framework/Versions/A/ATS
0x0000000045e43000 	/System/Library/Frameworks/ApplicationServices.framework/Versions/A/Frameworks/ColorSync.framework/Versions/A/ColorSync
0x0000000045e43000 	/System/Library/Frameworks/ApplicationServices.framework/Versions/A/Frameworks/HIServices.framework/Versions/A/HIServices
0x0000000045e43000 	/System/Library/Frameworks/ApplicationServices.framework/Versions/A/Frameworks/LangAnalysis.framework/Versions/A/LangAnalysis
0x0000000045e43000 	/System/Library/Frameworks/ApplicationServices.framework/Versions/A/Frameworks/PrintCore.framework/Versions/A/PrintCore
0x0000000045e43000 	/System/Library/Frameworks/ApplicationServices.framework/Versions/A/Frameworks/QD.framework/Versions/A/QD
0x0000000045e43000 	/System/Library/Frameworks/ApplicationServices.framework/Versions/A/Frameworks/SpeechSynthesis.framework/Versions/A/SpeechSynthesis
0x0000000045e43000 	/System/Library/Frameworks/Accelerate.framework/Versions/A/Frameworks/vImage.framework/Versions/A/vImage
0x0000000045e43000 	/System/Library/Frameworks/Accelerate.framework/Versions/A/Frameworks/vecLib.framework/Versions/A/vecLib
0x0000000045e43000 	/System/Library/Frameworks/Accelerate.framework/Versions/A/Frameworks/vecLib.framework/Versions/A/libvDSP.dylib
0x0000000045e43000 	/System/Library/Frameworks/Accelerate.framework/Versions/A/Frameworks/vecLib.framework/Versions/A/libBNNS.dylib
0x0000000045e43000 	/System/Library/Frameworks/Accelerate.framework/Versions/A/Frameworks/vecLib.framework/Versions/A/libQuadrature.dylib
0x0000000045e43000 	/System/Library/Frameworks/Accelerate.framework/Versions/A/Frameworks/vecLib.framework/Versions/A/libvMisc.dylib
0x0000000045e43000 	/System/Library/Frameworks/Accelerate.framework/Versions/A/Frameworks/vecLib.framework/Versions/A/libLAPACK.dylib
0x0000000045e43000 	/System/Library/Frameworks/Accelerate.framework/Versions/A/Frameworks/vecLib.framework/Versions/A/libBLAS.dylib
0x0000000045e43000 	/System/Library/Frameworks/Accelerate.framework/Versions/A/Frameworks/vecLib.framework/Versions/A/libLinearAlgebra.dylib
0x0000000045e43000 	/System/Library/Frameworks/Accelerate.framework/Versions/A/Frameworks/vecLib.framework/Versions/A/libSparseBLAS.dylib
0x0000000045e43000 	/System/Library/Frameworks/ApplicationServices.framework/Versions/A/Frameworks/ATS.framework/Versions/A/Resources/libFontParser.dylib
0x0000000045e43000 	/System/Library/Frameworks/ApplicationServices.framework/Versions/A/Frameworks/ATS.framework/Versions/A/Resources/libFontRegistry.dylib
0x0000000045e43000 	/System/Library/Frameworks/ImageIO.framework/Versions/A/Resources/libJPEG.dylib
0x0000000045e43000 	/System/Library/Frameworks/ImageIO.framework/Versions/A/Resources/libTIFF.dylib
0x0000000045e43000 	/System/Library/Frameworks/ImageIO.framework/Versions/A/Resources/libPng.dylib
0x0000000045e43000 	/System/Library/Frameworks/ImageIO.framework/Versions/A/Resources/libGIF.dylib
0x0000000045e43000 	/System/Library/Frameworks/ImageIO.framework/Versions/A/Resources/libJP2.dylib
0x0000000045e43000 	/System/Library/Frameworks/ImageIO.framework/Versions/A/Resources/libRadiance.dylib
0x0000000045e43000 	/usr/lib/libcompression.dylib
0x0000000045e43000 	/System/Library/PrivateFrameworks/AppleJPEG.framework/Versions/A/AppleJPEG
0x0000000045e43000 	/usr/lib/libcups.2.dylib
0x0000000045e43000 	/System/Library/Frameworks/Kerberos.framework/Versions/A/Kerberos
0x0000000045e43000 	/System/Library/Frameworks/GSS.framework/Versions/A/GSS
0x0000000045e43000 	/usr/lib/libresolv.9.dylib
0x0000000045e43000 	/usr/lib/libiconv.2.dylib
0x0000000045e43000 	/System/Library/PrivateFrameworks/Heimdal.framework/Versions/A/Heimdal
0x0000000045e43000 	/usr/lib/libheimdal-asn1.dylib
0x0000000045e43000 	/System/Library/Frameworks/OpenDirectory.framework/Versions/A/OpenDirectory
0x0000000045e43000 	/System/Library/PrivateFrameworks/CommonAuth.framework/Versions/A/CommonAuth
0x0000000045e43000 	/System/Library/Frameworks/OpenDirectory.framework/Versions/A/Frameworks/CFOpenDirectory.framework/Versions/A/CFOpenDirectory
0x0000000045e43000 	/System/Library/Frameworks/SecurityFoundation.framework/Versions/A/SecurityFoundation
0x0000000045e43000 	/System/Library/PrivateFrameworks/LanguageModeling.framework/Versions/A/LanguageModeling
0x0000000045e43000 	/usr/lib/libmarisa.dylib
0x0000000045e43000 	/usr/lib/libChineseTokenizer.dylib
0x0000000045e43000 	/usr/lib/libcmph.dylib
0x0000000045e43000 	/System/Library/PrivateFrameworks/CoreEmoji.framework/Versions/A/CoreEmoji
0x0000000045e43000 	/System/Library/Frameworks/ServiceManagement.framework/Versions/A/ServiceManagement
0x0000000045e43000 	/usr/lib/libxslt.1.dylib
0x0000000045e43000 	/System/Library/Frameworks/Carbon.framework/Versions/A/Frameworks/Ink.framework/Versions/A/Ink
0x0000000045e43000 	/System/Library/PrivateFrameworks/TextureIO.framework/Versions/A/TextureIO
0x0000000045e43000 	/System/Library/Frameworks/Metal.framework/Versions/A/Metal
0x0000000045e43000 	/usr/lib/libate.dylib
0x0000000045e43000 	/System/Library/PrivateFrameworks/GPUCompiler.framework/libmetal_timestamp.dylib
0x0000000045e43000 	/System/Library/Frameworks/OpenGL.framework/Versions/A/Libraries/libCoreFSCache.dylib
0x0000000045e43000 	/System/Library/PrivateFrameworks/IOAccelerator.framework/Versions/A/IOAccelerator
0x0000000045e43000 	/System/Library/Frameworks/CoreVideo.framework/Versions/A/CoreVideo
0x0000000045e43000 	/usr/lib/libFosl_dynamic.dylib
0x0000000045e43000 	/System/Library/PrivateFrameworks/MetalPerformanceShaders.framework/Versions/A/MetalPerformanceShaders
0x0000000045e43000 	/System/Library/PrivateFrameworks/FaceCore.framework/Versions/A/FaceCore
0x0000000045e43000 	/System/Library/Frameworks/OpenCL.framework/Versions/A/OpenCL
0x0000000045e43000 	/System/Library/Frameworks/OpenGL.framework/Versions/A/Libraries/libGLU.dylib
0x0000000045e43000 	/System/Library/Frameworks/OpenGL.framework/Versions/A/Libraries/libGFXShared.dylib
0x0000000045e43000 	/System/Library/Frameworks/OpenGL.framework/Versions/A/Libraries/libGL.dylib
0x0000000045e43000 	/System/Library/Frameworks/OpenGL.framework/Versions/A/Libraries/libGLImage.dylib
0x0000000045e43000 	/System/Library/Frameworks/OpenGL.framework/Versions/A/Libraries/libCVMSPluginSupport.dylib
0x0000000045e43000 	/System/Library/Frameworks/OpenGL.framework/Versions/A/Libraries/libCoreVMClient.dylib
0x0000000045e43000 	/System/Library/PrivateFrameworks/CrashReporterSupport.framework/Versions/A/CrashReporterSupport
0x0000000045e43000 	/System/Library/PrivateFrameworks/Sharing.framework/Versions/A/Sharing
0x0000000045e43000 	/System/Library/PrivateFrameworks/IconServices.framework/Versions/A/IconServices
0x0000000045e43000 	/System/Library/PrivateFrameworks/ProtocolBuffer.framework/Versions/A/ProtocolBuffer
0x0000000045e43000 	/System/Library/PrivateFrameworks/Apple80211.framework/Versions/A/Apple80211
0x0000000045e43000 	/System/Library/Frameworks/CoreWLAN.framework/Versions/A/CoreWLAN
0x0000000045e43000 	/System/Library/PrivateFrameworks/CoreUtils.framework/Versions/A/CoreUtils
0x0000000045e43000 	/System/Library/Frameworks/IOBluetooth.framework/Versions/A/IOBluetooth
0x0000000045e43000 	/System/Library/PrivateFrameworks/CoreWiFi.framework/Versions/A/CoreWiFi
0x0000000045e43000 	/System/Library/Frameworks/CoreBluetooth.framework/Versions/A/CoreBluetooth
0x0000000045e43000 	/System/Library/Frameworks/CoreDisplay.framework/Versions/A/CoreDisplay
0x0000000045e43000 	/System/Library/PrivateFrameworks/IOPresentment.framework/Versions/A/IOPresentment
0x0000000045e43000 	/System/Library/PrivateFrameworks/DSExternalDisplay.framework/Versions/A/DSExternalDisplay
0x0000000045e43000 	/System/Library/PrivateFrameworks/DebugSymbols.framework/Versions/A/DebugSymbols
0x0000000045e43000 	/System/Library/PrivateFrameworks/CoreSymbolication.framework/Versions/A/CoreSymbolication
0x0000000045e43000 	/System/Library/PrivateFrameworks/Symbolication.framework/Versions/A/Symbolication
0x0000000045e43000 	/System/Library/PrivateFrameworks/AppleFSCompression.framework/Versions/A/AppleFSCompression
0x0000000045e43000 	/System/Library/PrivateFrameworks/SpeechRecognitionCore.framework/Versions/A/SpeechRecognitionCore
0x0000000045e43000 	/System/Library/PrivateFrameworks/ChunkingLibrary.framework/Versions/A/ChunkingLibrary
0x00000000506f5000 	/System/Library/CoreServices/Encodings/libKoreanConverter.dylib
0x000000010bc00000 	/Library/Java/JavaVirtualMachines/jdk1.7.0_80.jdk/Contents/Home/jre/lib/server/libjvm.dylib
0x0000000045e43000 	/usr/lib/libstdc++.6.dylib
0x000000010b24d000 	/Library/Java/JavaVirtualMachines/jdk1.7.0_80.jdk/Contents/Home/jre/lib/libverify.dylib
0x000000010b25a000 	/Library/Java/JavaVirtualMachines/jdk1.7.0_80.jdk/Contents/Home/jre/lib/libjava.dylib
0x000000010b28b000 	/Library/Java/JavaVirtualMachines/jdk1.7.0_80.jdk/Contents/Home/jre/lib/libjdwp.dylib
0x000000010b2c8000 	/Library/Java/JavaVirtualMachines/jdk1.7.0_80.jdk/Contents/Home/jre/lib/libnpt.dylib
0x000000010b2d5000 	/Library/Java/JavaVirtualMachines/jdk1.7.0_80.jdk/Contents/Home/jre/lib/libzip.dylib
0x000000011141c000 	/System/Library/Frameworks/JavaVM.framework/Frameworks/JavaRuntimeSupport.framework/JavaRuntimeSupport
0x0000000111436000 	/System/Library/Frameworks/JavaVM.framework/Versions/A/Frameworks/JavaNativeFoundation.framework/Versions/A/JavaNativeFoundation
0x000000010b3f2000 	/System/Library/Frameworks/JavaVM.framework/Versions/A/JavaVM
0x0000000045e43000 	/System/Library/Frameworks/Carbon.framework/Versions/A/Carbon
0x000000011144b000 	/System/Library/PrivateFrameworks/JavaLaunching.framework/Versions/A/JavaLaunching
0x0000000045e43000 	/System/Library/Frameworks/Carbon.framework/Versions/A/Frameworks/CommonPanels.framework/Versions/A/CommonPanels
0x0000000045e43000 	/System/Library/Frameworks/Carbon.framework/Versions/A/Frameworks/Help.framework/Versions/A/Help
0x0000000045e43000 	/System/Library/Frameworks/Carbon.framework/Versions/A/Frameworks/ImageCapture.framework/Versions/A/ImageCapture
0x0000000045e43000 	/System/Library/Frameworks/Carbon.framework/Versions/A/Frameworks/OpenScripting.framework/Versions/A/OpenScripting
0x0000000045e43000 	/System/Library/Frameworks/Carbon.framework/Versions/A/Frameworks/Print.framework/Versions/A/Print
0x0000000045e43000 	/System/Library/Frameworks/Carbon.framework/Versions/A/Frameworks/SecurityHI.framework/Versions/A/SecurityHI
0x0000000112d58000 	/Library/Java/JavaVirtualMachines/jdk1.7.0_80.jdk/Contents/Home/jre/lib/libdt_socket.dylib
0x0000000112e62000 	/Library/Java/JavaVirtualMachines/jdk1.7.0_80.jdk/Contents/Home/jre/lib/libnio.dylib
0x0000000112e71000 	/Library/Java/JavaVirtualMachines/jdk1.7.0_80.jdk/Contents/Home/jre/lib/./libnet.dylib

VM Arguments:
jvm_args: -agentlib:jdwp=transport=dt_socket,suspend=y,address=localhost:64261 -Dfile.encoding=UTF-8 
java_command: main.MainForSpring2
Launcher Type: SUN_STANDARD

Environment Variables:
PATH=/usr/bin:/bin:/usr/sbin:/sbin
SHELL=/bin/zsh

Signal Handlers:
SIGSEGV: [libjvm.dylib+0x52e8c9], sa_mask[0]=0xfffefeff, sa_flags=0x00000043
SIGBUS: [libjvm.dylib+0x52e8c9], sa_mask[0]=0xfffefeff, sa_flags=0x00000042
SIGFPE: [libjvm.dylib+0x42022e], sa_mask[0]=0xfffefeff, sa_flags=0x00000042
SIGPIPE: [libjvm.dylib+0x42022e], sa_mask[0]=0xfffefeff, sa_flags=0x00000042
SIGXFSZ: [libjvm.dylib+0x42022e], sa_mask[0]=0xfffefeff, sa_flags=0x00000042
SIGILL: [libjvm.dylib+0x42022e], sa_mask[0]=0xfffefeff, sa_flags=0x00000042
SIGUSR1: SIG_DFL, sa_mask[0]=0x00000000, sa_flags=0x00000000
SIGUSR2: [libjvm.dylib+0x41fd20], sa_mask[0]=0x00000004, sa_flags=0x00000042
SIGHUP: [libjvm.dylib+0x41dfd5], sa_mask[0]=0xfffefeff, sa_flags=0x00000042
SIGINT: [libjvm.dylib+0x41dfd5], sa_mask[0]=0xfffefeff, sa_flags=0x00000042
SIGTERM: [libjvm.dylib+0x41dfd5], sa_mask[0]=0xfffefeff, sa_flags=0x00000042
SIGQUIT: [libjvm.dylib+0x41dfd5], sa_mask[0]=0xfffefeff, sa_flags=0x00000042


---------------  S Y S T E M  ---------------

OS:Bsduname:Darwin 16.7.0 Darwin Kernel Version 16.7.0: Wed Oct  4 00:17:00 PDT 2017; root:xnu-3789.71.6~1/RELEASE_X86_64 x86_64
rlimit: STACK 8192k, CORE 0k, NPROC 709, NOFILE 10240, AS infinity
load average:1.98 1.74 1.80

CPU:total 4 (2 cores per cpu, 2 threads per core) family 6 model 69 stepping 1, cmov, cx8, fxsr, mmx, sse, sse2, sse3, ssse3, sse4.1, sse4.2, popcnt, avx, avx2, aes, erms, ht, tsc, tscinvbit

Memory: 4k page, physical 8388608k(2097152k free)

/proc/meminfo:


vm_info: Java HotSpot(TM) 64-Bit Server VM (24.80-b11) for bsd-amd64 JRE (1.7.0_80-b15), built on Apr 10 2015 11:25:43 by "java_re" with gcc 4.2.1 (Based on Apple Inc. build 5658) (LLVM build 2336.11.00)

time: Wed Nov  8 16:59:57 2017
elapsed time: 130 seconds

